<?xml version="1.0" encoding="UTF-8"?>
<!-- Generated by org.testng.reporters.JUnitReportReporter -->
<testsuite hostname="D3-Cihal" name="com.d3.automation.D3AutomationDemo" tests="12" failures="0" timestamp="10 Dec 2014 16:20:23 GMT" time="10.981" errors="0">
  <testcase name="verifyAccountsButton" time="0.589" classname="com.d3.automation.D3AutomationDemo"/>
  <testcase name="verifyHelpButton" time="0.589" classname="com.d3.automation.D3AutomationDemo"/>
  <testcase name="verifyPlanningButton" time="0.537" classname="com.d3.automation.D3AutomationDemo"/>
  <testcase name="verifyMessagesButton" time="0.545" classname="com.d3.automation.D3AutomationDemo"/>
  <testcase name="verifyMoneyMovementButton" time="0.532" classname="com.d3.automation.D3AutomationDemo"/>
  <testcase name="verifyValidLogin" time="0.709" classname="com.d3.automation.D3AutomationDemo"/>
  <testcase name="verifySecretQuestion" time="1.322" classname="com.d3.automation.D3AutomationDemo"/>
  <testcase name="verifySettingsButton" time="0.579" classname="com.d3.automation.D3AutomationDemo"/>
  <testcase name="verifyInvalidLogin" time="3.398" classname="com.d3.automation.D3AutomationDemo"/>
  <testcase name="verifyHomepageTitle" time="0.460" classname="com.d3.automation.D3AutomationDemo"/>
  <testcase name="verifyTransactionsButton" time="0.580" classname="com.d3.automation.D3AutomationDemo"/>
  <testcase name="verifyPlanButton" time="1.141" classname="com.d3.automation.D3AutomationDemo"/>
</testsuite> <!-- com.d3.automation.D3AutomationDemo -->
