<?xml version="1.0" encoding="UTF-8"?>
<!-- Generated by org.testng.reporters.JUnitReportReporter -->
<testsuite hostname="D3-Cihal" name="com.d3.automation.D3AutomationDemo" tests="12" failures="0" timestamp="11 Dec 2014 14:03:05 GMT" time="13.156" errors="0">
  <testcase name="verifyValidLogin" time="1.153" classname="com.d3.automation.D3AutomationDemo"/>
  <testcase name="verifyPlanningButton" time="0.828" classname="com.d3.automation.D3AutomationDemo"/>
  <testcase name="verifyMoneyMovementButton" time="1.624" classname="com.d3.automation.D3AutomationDemo"/>
  <testcase name="verifyInvalidLogin" time="1.894" classname="com.d3.automation.D3AutomationDemo"/>
  <testcase name="verifyHelpButton" time="0.672" classname="com.d3.automation.D3AutomationDemo"/>
  <testcase name="verifyTransactionsButton" time="0.656" classname="com.d3.automation.D3AutomationDemo"/>
  <testcase name="verifySecretQuestion" time="1.110" classname="com.d3.automation.D3AutomationDemo"/>
  <testcase name="verifyHomepageTitle" time="0.640" classname="com.d3.automation.D3AutomationDemo"/>
  <testcase name="verifySettingsButton" time="0.813" classname="com.d3.automation.D3AutomationDemo"/>
  <testcase name="verifyAccountsButton" time="0.719" classname="com.d3.automation.D3AutomationDemo"/>
  <testcase name="verifyPlanButton" time="2.297" classname="com.d3.automation.D3AutomationDemo"/>
  <testcase name="verifyMessagesButton" time="0.750" classname="com.d3.automation.D3AutomationDemo"/>
</testsuite> <!-- com.d3.automation.D3AutomationDemo -->
