<?xml version="1.0" encoding="UTF-8"?>
<!-- Generated by org.testng.reporters.JUnitReportReporter -->
<testsuite hostname="D3-Cihal" name="com.d3.automation.D3AutomationDemo" tests="12" failures="0" timestamp="12 Dec 2014 14:42:58 GMT" time="16.865" errors="0">
  <testcase name="verifyMoneyMovementButton" time="0.745" classname="com.d3.automation.D3AutomationDemo"/>
  <testcase name="verifySettingsButton" time="0.697" classname="com.d3.automation.D3AutomationDemo"/>
  <testcase name="verifyPlanningButton" time="1.077" classname="com.d3.automation.D3AutomationDemo"/>
  <testcase name="verifyHelpButton" time="1.803" classname="com.d3.automation.D3AutomationDemo"/>
  <testcase name="verifyValidLogin" time="1.175" classname="com.d3.automation.D3AutomationDemo"/>
  <testcase name="verifyTransactionsButton" time="0.691" classname="com.d3.automation.D3AutomationDemo"/>
  <testcase name="verifyMessagesButton" time="0.712" classname="com.d3.automation.D3AutomationDemo"/>
  <testcase name="verifyInvalidLogin" time="1.844" classname="com.d3.automation.D3AutomationDemo"/>
  <testcase name="verifySecretQuestion" time="1.119" classname="com.d3.automation.D3AutomationDemo"/>
  <testcase name="verifyHomepageTitle" time="2.736" classname="com.d3.automation.D3AutomationDemo"/>
  <testcase name="verifyPlanButton" time="3.572" classname="com.d3.automation.D3AutomationDemo"/>
  <testcase name="verifyAccountsButton" time="0.694" classname="com.d3.automation.D3AutomationDemo"/>
</testsuite> <!-- com.d3.automation.D3AutomationDemo -->
