<?xml version="1.0" encoding="UTF-8"?>
<!-- Generated by org.testng.reporters.JUnitReportReporter -->
<testsuite hostname="D3-Cihal" name="com.d3.automation.D3AutomationDemo" tests="12" failures="0" timestamp="10 Dec 2014 19:23:04 GMT" time="12.209" errors="0">
  <testcase name="verifyAccountsButton" time="0.577" classname="com.d3.automation.D3AutomationDemo"/>
  <testcase name="verifyHelpButton" time="0.544" classname="com.d3.automation.D3AutomationDemo"/>
  <testcase name="verifyPlanningButton" time="0.547" classname="com.d3.automation.D3AutomationDemo"/>
  <testcase name="verifyMessagesButton" time="0.543" classname="com.d3.automation.D3AutomationDemo"/>
  <testcase name="verifyMoneyMovementButton" time="0.550" classname="com.d3.automation.D3AutomationDemo"/>
  <testcase name="verifyValidLogin" time="1.063" classname="com.d3.automation.D3AutomationDemo"/>
  <testcase name="verifySecretQuestion" time="1.399" classname="com.d3.automation.D3AutomationDemo"/>
  <testcase name="verifySettingsButton" time="0.608" classname="com.d3.automation.D3AutomationDemo"/>
  <testcase name="verifyInvalidLogin" time="3.507" classname="com.d3.automation.D3AutomationDemo"/>
  <testcase name="verifyHomepageTitle" time="0.489" classname="com.d3.automation.D3AutomationDemo"/>
  <testcase name="verifyTransactionsButton" time="0.572" classname="com.d3.automation.D3AutomationDemo"/>
  <testcase name="verifyPlanButton" time="1.810" classname="com.d3.automation.D3AutomationDemo"/>
</testsuite> <!-- com.d3.automation.D3AutomationDemo -->
